C:\Users\AnonLive\Desktop\Base 17526\Base\Release_LTCG\Base.exe
C:\Users\AnonLive\Desktop\Base 17526\Base\Release_LTCG\Base.obj
C:\Users\AnonLive\Desktop\Base 17526\Base\Release_LTCG\Base.pch
C:\Users\AnonLive\Desktop\Base 17526\Base\Release_LTCG\Base.pdb
C:\Users\AnonLive\Desktop\Base 17526\Base\Release_LTCG\Base.xdb
C:\Users\AnonLive\Desktop\Base 17526\Base\Release_LTCG\Base.xex
C:\Users\AnonLive\Desktop\Base 17526\Base\Release_LTCG\cl.command.1.tlog
C:\Users\AnonLive\Desktop\Base 17526\Base\Release_LTCG\CL.read.1.tlog
C:\Users\AnonLive\Desktop\Base 17526\Base\Release_LTCG\CL.write.1.tlog
C:\Users\AnonLive\Desktop\Base 17526\Base\Release_LTCG\HvPeekPoke.obj
C:\Users\AnonLive\Desktop\Base 17526\Base\Release_LTCG\KeyVault.obj
C:\Users\AnonLive\Desktop\Base 17526\Base\Release_LTCG\link.command.1.tlog
C:\Users\AnonLive\Desktop\Base 17526\Base\Release_LTCG\link.read.1.tlog
C:\Users\AnonLive\Desktop\Base 17526\Base\Release_LTCG\link.write.1.tlog
C:\Users\AnonLive\Desktop\Base 17526\Base\Release_LTCG\Server.obj
C:\Users\AnonLive\Desktop\Base 17526\Base\Release_LTCG\Sockets.obj
C:\Users\AnonLive\Desktop\Base 17526\Base\Release_LTCG\stdafx.obj
C:\Users\AnonLive\Desktop\Base 17526\Base\Release_LTCG\SystemHooks.obj
C:\Users\AnonLive\Desktop\Base 17526\Base\Release_LTCG\titleHooks.obj
C:\Users\AnonLive\Desktop\Base 17526\Base\Release_LTCG\Utilities.obj
C:\Users\AnonLive\Desktop\Base 17526\Base\Release_LTCG\vc100.pdb
C:\Users\AnonLive\Desktop\Base 17526\Base\Release_LTCG\Xosc.obj
D:\XBOX MODDING\BASE\BASE\RELEASE_LTCG\BASE.EXE
D:\XBOX MODDING\BASE\BASE\RELEASE_LTCG\BASE.OBJ
D:\XBOX MODDING\BASE\BASE\RELEASE_LTCG\BASE.PCH
D:\XBOX MODDING\BASE\BASE\RELEASE_LTCG\BASE.PDB
D:\XBOX MODDING\BASE\BASE\RELEASE_LTCG\HVPEEKPOKE.OBJ
D:\XBOX MODDING\BASE\BASE\RELEASE_LTCG\KEYVAULT.OBJ
D:\XBOX MODDING\BASE\BASE\RELEASE_LTCG\SERVER.OBJ
D:\XBOX MODDING\BASE\BASE\RELEASE_LTCG\SOCKETS.OBJ
D:\XBOX MODDING\BASE\BASE\RELEASE_LTCG\STDAFX.OBJ
D:\XBOX MODDING\BASE\BASE\RELEASE_LTCG\SYSTEMHOOKS.OBJ
D:\XBOX MODDING\BASE\BASE\RELEASE_LTCG\TITLEHOOKS.OBJ
D:\XBOX MODDING\BASE\BASE\RELEASE_LTCG\UTILITIES.OBJ
D:\XBOX MODDING\BASE\BASE\RELEASE_LTCG\VC100.PDB
D:\XBOX MODDING\BASE\BASE\RELEASE_LTCG\XOSC.OBJ
